[10/10/2022 15:52:06] Debug: Session id: 4159951d-ea55-4e05-9bb6-ad4608d1acdd
[10/10/2022 15:52:06] Debug: Code Processor information: Name :SnowConvert, Version: 9.2.23.0
[10/10/2022 15:52:07] Debug: Getting license
[10/10/2022 15:52:07] Debug: License information
	Status: Failed
	Message: No active license available.
[10/10/2022 15:52:07] Info: Starting to validate parameters
[10/10/2022 15:52:07] Info: Parameters to validate: 
	Execution mode: Conversion
	LICENSE_KEY: a3372138-b87e-4a08-b929-3b48b24c63f1
[10/10/2022 15:52:07] Info: Validation of parameters: Success
[10/10/2022 15:52:07] Debug: Getting code descriptor
[10/10/2022 15:52:07] Debug: Code descriptor information
	Units: 51
	Units type: LOC
	All file bytes: 2141
	All found extensions: .sql,.dml,.ddl,.bteq,.btq,.fl,.fload,.ml,.mload,.mld,.tp,.tpump,.tpt
[10/10/2022 15:52:07] Debug: Calculating fingerprint
[10/10/2022 15:52:07] Debug: Fingerprint information Fingerprint(size=2141,projects=1)
[10/10/2022 15:52:07] Info: Starting to try to validate online license for execution
[10/10/2022 15:52:08] Debug: Getting license
[10/10/2022 15:52:08] Debug: License information
	Status: Failed
	Message: No active license available.
[10/10/2022 15:52:08] Debug: Starting the execution of the controller
[10/10/2022 15:52:09] Debug: Executing the worker: SnowConvert
[10/10/2022 15:52:21] Debug: Finished executing the worker: SnowConvert
[10/10/2022 15:52:23] Info: Controller execution ended
